2020-11-12 23:22:12,258 INFO: df1 

	 Dataset created with simple_feature parameters: 

df_name: df1, w_size: 100, w_offset: 0:00:00.250000us, t_time: 0:00:00.250000us
2020-11-12 23:22:12,311 INFO: df1 

	 Number of Examples in raw dataframe 
 standing            13914
walking              9190
sitting              7707
lying down           5001
w-sniffing floor      960
s-sniffing floor      725
jumping up            174
body shake             99
jumping down           56
Name: Position, dtype: int64 

 static     27347
dynamic    10479
Name: Type, dtype: int64 
2020-11-12 23:22:12,338 INFO: df1 

	 Including data from  
 Dog      DC 
Douglas  DC1    2543
Dugg     DC1    1877
         DC2    1853
Earl     DC1    2358
Ebbi     DC2    1651
Edrick   DC1    1663
         DC2     890
Eldin    DC1    1828
Elf      DC1    2262
Esme     DC1    1924
Evie     DC1     841
Fawn     DC1    1825
         DC2    1257
Goober   DC1    2235
Herbie   DC1    1065
Irrie    DC2    1147
Jane     DC2    1495
Jazzi    DC2    1338
Josie    DC2     999
Judson   DC2    1040
July     DC2    1317
Kirby    DC2    1210
Zac      DC1     994
Zodiac   DC1    2214
dtype: int64
