2020-09-09 12:23:21,501 INFO: df3 

	 Dataset created with simple_feature parameters: 

df_name: df3, w_size: 25, w_offset: 0:00:00.250000, t_time: 0:00:00.250000
2020-09-09 12:23:21,675 INFO: df3 

	 Number of Examples in raw dataframe 
 standing            15719
walking              8864
sitting              6872
lying down           4460
s-sniffing floor      748
w-sniffing floor      502
jumping down          336
jumping up            226
body shake            198
Name: Position, dtype: int64 

 static     27799
dynamic    10126
Name: Type, dtype: int64 
2020-09-09 12:23:21,703 INFO: df3 

	 Including data from  
 Dog      DC 
Douglas  DC1    2710
Dugg     DC1    2376
         DC2    1932
Earl     DC1    2450
Ebbi     DC2    1716
Edrick   DC1    1724
         DC2     822
Eldin    DC1    1920
Elf      DC1    2360
Esme     DC1    2006
Evie     DC1     868
Fawn     DC1    1900
         DC2    1574
Goober   DC1    2358
Herbie   DC1    1112
Jane     DC2    1566
July     DC2    3871
Kirby    DC2    1294
Zac      DC1    1036
Zodiac   DC1    2330
dtype: int64
