INFO:data_import:Number of Files: 29 
	Number of Dogs: 26
INFO:data_import:Number of Files: 29 	Number of Dogs: 26
2020-01-15 18:55:51,962:data_import:Number of Files: 29 	Number of Dogs: 26
2020-01-29 14:59:37,435:data_import:Added  timestamps for ['Douglas' 'Dugg' 'Dugg' 'Earl' 'Ebbi' 'Edrick' 'Edrick' 'Eldin' 'Elf'
 'Eliza' 'Emmy' 'Errie' 'Esme' 'Evie' 'Fargo' 'Fawn' 'Fawn' 'Flora'
 'Goober' 'Herbie' 'Jane' 'Jazzi' 'Josie' 'Judson' 'July' 'Kirby' 'Zac'
 'Zeb' 'Zodiac']
2020-01-29 14:59:37,435:data_import:Added  timestamps for ['Douglas' 'Dugg' 'Dugg' 'Earl' 'Ebbi' 'Edrick' 'Edrick' 'Eldin' 'Elf'
 'Eliza' 'Emmy' 'Errie' 'Esme' 'Evie' 'Fargo' 'Fawn' 'Fawn' 'Flora'
 'Goober' 'Herbie' 'Jane' 'Jazzi' 'Josie' 'Judson' 'July' 'Kirby' 'Zac'
 'Zeb' 'Zodiac']
2020-01-29 15:01:33,940:data_import:Added  timestamps for ['Douglas' 'Dugg' 'Dugg' 'Earl' 'Ebbi' 'Edrick' 'Edrick' 'Eldin' 'Elf'
 'Eliza' 'Emmy' 'Errie' 'Esme' 'Evie' 'Fargo' 'Fawn' 'Fawn' 'Flora'
 'Goober' 'Herbie' 'Jane' 'Jazzi' 'Josie' 'Judson' 'July' 'Kirby' 'Zac'
 'Zeb' 'Zodiac']
2020-01-29 15:01:33,940:data_import:Added  timestamps for ['Douglas' 'Dugg' 'Dugg' 'Earl' 'Ebbi' 'Edrick' 'Edrick' 'Eldin' 'Elf'
 'Eliza' 'Emmy' 'Errie' 'Esme' 'Evie' 'Fargo' 'Fawn' 'Fawn' 'Flora'
 'Goober' 'Herbie' 'Jane' 'Jazzi' 'Josie' 'Judson' 'July' 'Kirby' 'Zac'
 'Zeb' 'Zodiac']
2020-01-29 15:02:15,093:data_import:Added  timestamps for Douglas
2020-01-29 15:02:15,093:data_import:Added  timestamps for Douglas
2020-01-29 15:02:15,093:data_import:Added  timestamps for Douglas
2020-01-29 15:02:15,171:data_import:Added  timestamps for Dugg
2020-01-29 15:02:15,171:data_import:Added  timestamps for Dugg
2020-01-29 15:02:15,171:data_import:Added  timestamps for Dugg
2020-01-29 15:02:15,255:data_import:Added  timestamps for Dugg
2020-01-29 15:02:15,255:data_import:Added  timestamps for Dugg
2020-01-29 15:02:15,255:data_import:Added  timestamps for Dugg
2020-01-29 15:02:15,392:data_import:Added  timestamps for Earl
2020-01-29 15:02:15,392:data_import:Added  timestamps for Earl
2020-01-29 15:02:15,392:data_import:Added  timestamps for Earl
2020-01-29 15:02:15,464:data_import:Added  timestamps for Ebbi
2020-01-29 15:02:15,464:data_import:Added  timestamps for Ebbi
2020-01-29 15:02:15,464:data_import:Added  timestamps for Ebbi
2020-01-29 15:02:15,538:data_import:Added  timestamps for Edrick
2020-01-29 15:02:15,538:data_import:Added  timestamps for Edrick
2020-01-29 15:02:15,538:data_import:Added  timestamps for Edrick
2020-01-29 15:02:15,606:data_import:Added  timestamps for Edrick
2020-01-29 15:02:15,606:data_import:Added  timestamps for Edrick
2020-01-29 15:02:15,606:data_import:Added  timestamps for Edrick
2020-01-29 15:02:15,676:data_import:Added  timestamps for Eldin
2020-01-29 15:02:15,676:data_import:Added  timestamps for Eldin
2020-01-29 15:02:15,676:data_import:Added  timestamps for Eldin
2020-01-29 15:02:15,797:data_import:Added  timestamps for Elf
2020-01-29 15:02:15,797:data_import:Added  timestamps for Elf
2020-01-29 15:02:15,797:data_import:Added  timestamps for Elf
2020-01-29 15:02:15,923:data_import:Added  timestamps for Eliza
2020-01-29 15:02:15,923:data_import:Added  timestamps for Eliza
2020-01-29 15:02:15,923:data_import:Added  timestamps for Eliza
2020-01-29 15:02:15,995:data_import:Added  timestamps for Emmy
2020-01-29 15:02:15,995:data_import:Added  timestamps for Emmy
2020-01-29 15:02:15,995:data_import:Added  timestamps for Emmy
2020-01-29 15:02:16,073:data_import:Added  timestamps for Errie
2020-01-29 15:02:16,073:data_import:Added  timestamps for Errie
2020-01-29 15:02:16,073:data_import:Added  timestamps for Errie
2020-01-29 15:02:16,167:data_import:Added  timestamps for Esme
2020-01-29 15:02:16,167:data_import:Added  timestamps for Esme
2020-01-29 15:02:16,167:data_import:Added  timestamps for Esme
2020-01-29 15:02:16,318:data_import:Added  timestamps for Evie
2020-01-29 15:02:16,318:data_import:Added  timestamps for Evie
2020-01-29 15:02:16,318:data_import:Added  timestamps for Evie
2020-01-29 15:02:16,394:data_import:Added  timestamps for Fargo
2020-01-29 15:02:16,394:data_import:Added  timestamps for Fargo
2020-01-29 15:02:16,394:data_import:Added  timestamps for Fargo
2020-01-29 15:02:16,558:data_import:Added  timestamps for Fawn
2020-01-29 15:02:16,558:data_import:Added  timestamps for Fawn
2020-01-29 15:02:16,558:data_import:Added  timestamps for Fawn
2020-01-29 15:02:16,640:data_import:Added  timestamps for Fawn
2020-01-29 15:02:16,640:data_import:Added  timestamps for Fawn
2020-01-29 15:02:16,640:data_import:Added  timestamps for Fawn
2020-01-29 15:02:16,716:data_import:Added  timestamps for Flora
2020-01-29 15:02:16,716:data_import:Added  timestamps for Flora
2020-01-29 15:02:16,716:data_import:Added  timestamps for Flora
2020-01-29 15:02:16,793:data_import:Added  timestamps for Goober
2020-01-29 15:02:16,793:data_import:Added  timestamps for Goober
2020-01-29 15:02:16,793:data_import:Added  timestamps for Goober
2020-01-29 15:02:16,865:data_import:Added  timestamps for Herbie
2020-01-29 15:02:16,865:data_import:Added  timestamps for Herbie
2020-01-29 15:02:16,865:data_import:Added  timestamps for Herbie
2020-01-29 15:02:16,945:data_import:Added  timestamps for Jane
2020-01-29 15:02:16,945:data_import:Added  timestamps for Jane
2020-01-29 15:02:16,945:data_import:Added  timestamps for Jane
2020-01-29 15:02:17,025:data_import:Added  timestamps for Jazzi
2020-01-29 15:02:17,025:data_import:Added  timestamps for Jazzi
2020-01-29 15:02:17,025:data_import:Added  timestamps for Jazzi
2020-01-29 15:02:17,100:data_import:Added  timestamps for Josie
2020-01-29 15:02:17,100:data_import:Added  timestamps for Josie
2020-01-29 15:02:17,100:data_import:Added  timestamps for Josie
2020-01-29 15:02:17,171:data_import:Added  timestamps for Judson
2020-01-29 15:02:17,171:data_import:Added  timestamps for Judson
2020-01-29 15:02:17,171:data_import:Added  timestamps for Judson
2020-01-29 15:02:17,296:data_import:Added  timestamps for July
2020-01-29 15:02:17,296:data_import:Added  timestamps for July
2020-01-29 15:02:17,296:data_import:Added  timestamps for July
2020-01-29 15:02:17,367:data_import:Added  timestamps for Kirby
2020-01-29 15:02:17,367:data_import:Added  timestamps for Kirby
2020-01-29 15:02:17,367:data_import:Added  timestamps for Kirby
2020-01-29 15:02:17,439:data_import:Added  timestamps for Zac
2020-01-29 15:02:17,439:data_import:Added  timestamps for Zac
2020-01-29 15:02:17,439:data_import:Added  timestamps for Zac
2020-01-29 15:02:17,563:data_import:Added  timestamps for Zeb
2020-01-29 15:02:17,563:data_import:Added  timestamps for Zeb
2020-01-29 15:02:17,563:data_import:Added  timestamps for Zeb
2020-01-29 15:02:17,689:data_import:Added  timestamps for Zodiac
2020-01-29 15:02:17,689:data_import:Added  timestamps for Zodiac
2020-01-29 15:02:17,689:data_import:Added  timestamps for Zodiac
2020-01-29 15:03:04,395:data_import:Added  timestamps for Douglas DC1
2020-01-29 15:03:04,395:data_import:Added  timestamps for Douglas DC1
2020-01-29 15:03:04,395:data_import:Added  timestamps for Douglas DC1
2020-01-29 15:03:04,395:data_import:Added  timestamps for Douglas DC1
2020-01-29 15:03:04,521:data_import:Added  timestamps for Dugg DC1
2020-01-29 15:03:04,521:data_import:Added  timestamps for Dugg DC1
2020-01-29 15:03:04,521:data_import:Added  timestamps for Dugg DC1
2020-01-29 15:03:04,521:data_import:Added  timestamps for Dugg DC1
2020-01-29 15:03:04,601:data_import:Added  timestamps for Dugg DC2
2020-01-29 15:03:04,601:data_import:Added  timestamps for Dugg DC2
2020-01-29 15:03:04,601:data_import:Added  timestamps for Dugg DC2
2020-01-29 15:03:04,601:data_import:Added  timestamps for Dugg DC2
2020-01-29 15:03:04,753:data_import:Added  timestamps for Earl DC1
2020-01-29 15:03:04,753:data_import:Added  timestamps for Earl DC1
2020-01-29 15:03:04,753:data_import:Added  timestamps for Earl DC1
2020-01-29 15:03:04,753:data_import:Added  timestamps for Earl DC1
2020-01-29 15:03:04,834:data_import:Added  timestamps for Ebbi DC2
2020-01-29 15:03:04,834:data_import:Added  timestamps for Ebbi DC2
2020-01-29 15:03:04,834:data_import:Added  timestamps for Ebbi DC2
2020-01-29 15:03:04,834:data_import:Added  timestamps for Ebbi DC2
2020-01-29 15:03:04,911:data_import:Added  timestamps for Edrick DC1
2020-01-29 15:03:04,911:data_import:Added  timestamps for Edrick DC1
2020-01-29 15:03:04,911:data_import:Added  timestamps for Edrick DC1
2020-01-29 15:03:04,911:data_import:Added  timestamps for Edrick DC1
2020-01-29 15:03:04,981:data_import:Added  timestamps for Edrick DC2
2020-01-29 15:03:04,981:data_import:Added  timestamps for Edrick DC2
2020-01-29 15:03:04,981:data_import:Added  timestamps for Edrick DC2
2020-01-29 15:03:04,981:data_import:Added  timestamps for Edrick DC2
2020-01-29 15:03:05,059:data_import:Added  timestamps for Eldin DC1
2020-01-29 15:03:05,059:data_import:Added  timestamps for Eldin DC1
2020-01-29 15:03:05,059:data_import:Added  timestamps for Eldin DC1
2020-01-29 15:03:05,059:data_import:Added  timestamps for Eldin DC1
2020-01-29 15:03:05,203:data_import:Added  timestamps for Elf DC1
2020-01-29 15:03:05,203:data_import:Added  timestamps for Elf DC1
2020-01-29 15:03:05,203:data_import:Added  timestamps for Elf DC1
2020-01-29 15:03:05,203:data_import:Added  timestamps for Elf DC1
2020-01-29 15:03:05,372:data_import:Added  timestamps for Eliza DC2
2020-01-29 15:03:05,372:data_import:Added  timestamps for Eliza DC2
2020-01-29 15:03:05,372:data_import:Added  timestamps for Eliza DC2
2020-01-29 15:03:05,372:data_import:Added  timestamps for Eliza DC2
2020-01-29 15:03:05,456:data_import:Added  timestamps for Emmy DC2
2020-01-29 15:03:05,456:data_import:Added  timestamps for Emmy DC2
2020-01-29 15:03:05,456:data_import:Added  timestamps for Emmy DC2
2020-01-29 15:03:05,456:data_import:Added  timestamps for Emmy DC2
2020-01-29 15:03:05,530:data_import:Added  timestamps for Errie DC2
2020-01-29 15:03:05,530:data_import:Added  timestamps for Errie DC2
2020-01-29 15:03:05,530:data_import:Added  timestamps for Errie DC2
2020-01-29 15:03:05,530:data_import:Added  timestamps for Errie DC2
2020-01-29 15:03:05,603:data_import:Added  timestamps for Esme DC1
2020-01-29 15:03:05,603:data_import:Added  timestamps for Esme DC1
2020-01-29 15:03:05,603:data_import:Added  timestamps for Esme DC1
2020-01-29 15:03:05,603:data_import:Added  timestamps for Esme DC1
2020-01-29 15:03:05,752:data_import:Added  timestamps for Evie DC1
2020-01-29 15:03:05,752:data_import:Added  timestamps for Evie DC1
2020-01-29 15:03:05,752:data_import:Added  timestamps for Evie DC1
2020-01-29 15:03:05,752:data_import:Added  timestamps for Evie DC1
2020-01-29 15:03:05,825:data_import:Added  timestamps for Fargo DC1
2020-01-29 15:03:05,825:data_import:Added  timestamps for Fargo DC1
2020-01-29 15:03:05,825:data_import:Added  timestamps for Fargo DC1
2020-01-29 15:03:05,825:data_import:Added  timestamps for Fargo DC1
2020-01-29 15:03:05,957:data_import:Added  timestamps for Fawn DC1
2020-01-29 15:03:05,957:data_import:Added  timestamps for Fawn DC1
2020-01-29 15:03:05,957:data_import:Added  timestamps for Fawn DC1
2020-01-29 15:03:05,957:data_import:Added  timestamps for Fawn DC1
2020-01-29 15:03:06,051:data_import:Added  timestamps for Fawn DC2
2020-01-29 15:03:06,051:data_import:Added  timestamps for Fawn DC2
2020-01-29 15:03:06,051:data_import:Added  timestamps for Fawn DC2
2020-01-29 15:03:06,051:data_import:Added  timestamps for Fawn DC2
2020-01-29 15:03:06,146:data_import:Added  timestamps for Flora DC1
2020-01-29 15:03:06,146:data_import:Added  timestamps for Flora DC1
2020-01-29 15:03:06,146:data_import:Added  timestamps for Flora DC1
2020-01-29 15:03:06,146:data_import:Added  timestamps for Flora DC1
2020-01-29 15:03:06,220:data_import:Added  timestamps for Goober DC1
2020-01-29 15:03:06,220:data_import:Added  timestamps for Goober DC1
2020-01-29 15:03:06,220:data_import:Added  timestamps for Goober DC1
2020-01-29 15:03:06,220:data_import:Added  timestamps for Goober DC1
2020-01-29 15:03:06,303:data_import:Added  timestamps for Herbie DC1
2020-01-29 15:03:06,303:data_import:Added  timestamps for Herbie DC1
2020-01-29 15:03:06,303:data_import:Added  timestamps for Herbie DC1
2020-01-29 15:03:06,303:data_import:Added  timestamps for Herbie DC1
2020-01-29 15:03:06,399:data_import:Added  timestamps for Jane DC2
2020-01-29 15:03:06,399:data_import:Added  timestamps for Jane DC2
2020-01-29 15:03:06,399:data_import:Added  timestamps for Jane DC2
2020-01-29 15:03:06,399:data_import:Added  timestamps for Jane DC2
2020-01-29 15:03:06,488:data_import:Added  timestamps for Jazzi DC2
2020-01-29 15:03:06,488:data_import:Added  timestamps for Jazzi DC2
2020-01-29 15:03:06,488:data_import:Added  timestamps for Jazzi DC2
2020-01-29 15:03:06,488:data_import:Added  timestamps for Jazzi DC2
2020-01-29 15:03:06,582:data_import:Added  timestamps for Josie DC2
2020-01-29 15:03:06,582:data_import:Added  timestamps for Josie DC2
2020-01-29 15:03:06,582:data_import:Added  timestamps for Josie DC2
2020-01-29 15:03:06,582:data_import:Added  timestamps for Josie DC2
2020-01-29 15:03:06,658:data_import:Added  timestamps for Judson DC2
2020-01-29 15:03:06,658:data_import:Added  timestamps for Judson DC2
2020-01-29 15:03:06,658:data_import:Added  timestamps for Judson DC2
2020-01-29 15:03:06,658:data_import:Added  timestamps for Judson DC2
2020-01-29 15:03:06,816:data_import:Added  timestamps for July DC2
2020-01-29 15:03:06,816:data_import:Added  timestamps for July DC2
2020-01-29 15:03:06,816:data_import:Added  timestamps for July DC2
2020-01-29 15:03:06,816:data_import:Added  timestamps for July DC2
2020-01-29 15:03:06,900:data_import:Added  timestamps for Kirby DC2
2020-01-29 15:03:06,900:data_import:Added  timestamps for Kirby DC2
2020-01-29 15:03:06,900:data_import:Added  timestamps for Kirby DC2
2020-01-29 15:03:06,900:data_import:Added  timestamps for Kirby DC2
2020-01-29 15:03:06,998:data_import:Added  timestamps for Zac DC1
2020-01-29 15:03:06,998:data_import:Added  timestamps for Zac DC1
2020-01-29 15:03:06,998:data_import:Added  timestamps for Zac DC1
2020-01-29 15:03:06,998:data_import:Added  timestamps for Zac DC1
2020-01-29 15:03:07,183:data_import:Added  timestamps for Zeb DC1
2020-01-29 15:03:07,183:data_import:Added  timestamps for Zeb DC1
2020-01-29 15:03:07,183:data_import:Added  timestamps for Zeb DC1
2020-01-29 15:03:07,183:data_import:Added  timestamps for Zeb DC1
2020-01-29 15:03:07,332:data_import:Added  timestamps for Zodiac DC1
2020-01-29 15:03:07,332:data_import:Added  timestamps for Zodiac DC1
2020-01-29 15:03:07,332:data_import:Added  timestamps for Zodiac DC1
2020-01-29 15:03:07,332:data_import:Added  timestamps for Zodiac DC1
2020-01-29 15:03:07,538:data_import:Added  timestamps for Douglas DC1
2020-01-29 15:03:07,538:data_import:Added  timestamps for Douglas DC1
2020-01-29 15:03:07,538:data_import:Added  timestamps for Douglas DC1
2020-01-29 15:03:07,538:data_import:Added  timestamps for Douglas DC1
2020-01-29 15:03:07,676:data_import:Added  timestamps for Dugg DC1
2020-01-29 15:03:07,676:data_import:Added  timestamps for Dugg DC1
2020-01-29 15:03:07,676:data_import:Added  timestamps for Dugg DC1
2020-01-29 15:03:07,676:data_import:Added  timestamps for Dugg DC1
2020-01-29 15:03:07,798:data_import:Added  timestamps for Dugg DC2
2020-01-29 15:03:07,798:data_import:Added  timestamps for Dugg DC2
2020-01-29 15:03:07,798:data_import:Added  timestamps for Dugg DC2
2020-01-29 15:03:07,798:data_import:Added  timestamps for Dugg DC2
2020-01-29 15:03:08,001:data_import:Added  timestamps for Earl DC1
2020-01-29 15:03:08,001:data_import:Added  timestamps for Earl DC1
2020-01-29 15:03:08,001:data_import:Added  timestamps for Earl DC1
2020-01-29 15:03:08,001:data_import:Added  timestamps for Earl DC1
2020-01-29 15:03:08,102:data_import:Added  timestamps for Ebbi DC2
2020-01-29 15:03:08,102:data_import:Added  timestamps for Ebbi DC2
2020-01-29 15:03:08,102:data_import:Added  timestamps for Ebbi DC2
2020-01-29 15:03:08,102:data_import:Added  timestamps for Ebbi DC2
2020-01-29 15:03:08,189:data_import:Added  timestamps for Edrick DC1
2020-01-29 15:03:08,189:data_import:Added  timestamps for Edrick DC1
2020-01-29 15:03:08,189:data_import:Added  timestamps for Edrick DC1
2020-01-29 15:03:08,189:data_import:Added  timestamps for Edrick DC1
2020-01-29 15:03:08,270:data_import:Added  timestamps for Edrick DC2
2020-01-29 15:03:08,270:data_import:Added  timestamps for Edrick DC2
2020-01-29 15:03:08,270:data_import:Added  timestamps for Edrick DC2
2020-01-29 15:03:08,270:data_import:Added  timestamps for Edrick DC2
2020-01-29 15:03:08,348:data_import:Added  timestamps for Eldin DC1
2020-01-29 15:03:08,348:data_import:Added  timestamps for Eldin DC1
2020-01-29 15:03:08,348:data_import:Added  timestamps for Eldin DC1
2020-01-29 15:03:08,348:data_import:Added  timestamps for Eldin DC1
2020-01-29 15:03:08,478:data_import:Added  timestamps for Elf DC1
2020-01-29 15:03:08,478:data_import:Added  timestamps for Elf DC1
2020-01-29 15:03:08,478:data_import:Added  timestamps for Elf DC1
2020-01-29 15:03:08,478:data_import:Added  timestamps for Elf DC1
2020-01-29 15:03:08,606:data_import:Added  timestamps for Eliza DC2
2020-01-29 15:03:08,606:data_import:Added  timestamps for Eliza DC2
2020-01-29 15:03:08,606:data_import:Added  timestamps for Eliza DC2
2020-01-29 15:03:08,606:data_import:Added  timestamps for Eliza DC2
2020-01-29 15:03:08,678:data_import:Added  timestamps for Emmy DC2
2020-01-29 15:03:08,678:data_import:Added  timestamps for Emmy DC2
2020-01-29 15:03:08,678:data_import:Added  timestamps for Emmy DC2
2020-01-29 15:03:08,678:data_import:Added  timestamps for Emmy DC2
2020-01-29 15:03:08,755:data_import:Added  timestamps for Errie DC2
2020-01-29 15:03:08,755:data_import:Added  timestamps for Errie DC2
2020-01-29 15:03:08,755:data_import:Added  timestamps for Errie DC2
2020-01-29 15:03:08,755:data_import:Added  timestamps for Errie DC2
2020-01-29 15:03:08,834:data_import:Added  timestamps for Esme DC1
2020-01-29 15:03:08,834:data_import:Added  timestamps for Esme DC1
2020-01-29 15:03:08,834:data_import:Added  timestamps for Esme DC1
2020-01-29 15:03:08,834:data_import:Added  timestamps for Esme DC1
2020-01-29 15:03:08,977:data_import:Added  timestamps for Evie DC1
2020-01-29 15:03:08,977:data_import:Added  timestamps for Evie DC1
2020-01-29 15:03:08,977:data_import:Added  timestamps for Evie DC1
2020-01-29 15:03:08,977:data_import:Added  timestamps for Evie DC1
2020-01-29 15:03:09,079:data_import:Added  timestamps for Fargo DC1
2020-01-29 15:03:09,079:data_import:Added  timestamps for Fargo DC1
2020-01-29 15:03:09,079:data_import:Added  timestamps for Fargo DC1
2020-01-29 15:03:09,079:data_import:Added  timestamps for Fargo DC1
2020-01-29 15:03:09,235:data_import:Added  timestamps for Fawn DC1
2020-01-29 15:03:09,235:data_import:Added  timestamps for Fawn DC1
2020-01-29 15:03:09,235:data_import:Added  timestamps for Fawn DC1
2020-01-29 15:03:09,235:data_import:Added  timestamps for Fawn DC1
2020-01-29 15:03:09,321:data_import:Added  timestamps for Fawn DC2
2020-01-29 15:03:09,321:data_import:Added  timestamps for Fawn DC2
2020-01-29 15:03:09,321:data_import:Added  timestamps for Fawn DC2
2020-01-29 15:03:09,321:data_import:Added  timestamps for Fawn DC2
2020-01-29 15:03:09,408:data_import:Added  timestamps for Flora DC1
2020-01-29 15:03:09,408:data_import:Added  timestamps for Flora DC1
2020-01-29 15:03:09,408:data_import:Added  timestamps for Flora DC1
2020-01-29 15:03:09,408:data_import:Added  timestamps for Flora DC1
2020-01-29 15:03:09,492:data_import:Added  timestamps for Goober DC1
2020-01-29 15:03:09,492:data_import:Added  timestamps for Goober DC1
2020-01-29 15:03:09,492:data_import:Added  timestamps for Goober DC1
2020-01-29 15:03:09,492:data_import:Added  timestamps for Goober DC1
2020-01-29 15:03:09,569:data_import:Added  timestamps for Herbie DC1
2020-01-29 15:03:09,569:data_import:Added  timestamps for Herbie DC1
2020-01-29 15:03:09,569:data_import:Added  timestamps for Herbie DC1
2020-01-29 15:03:09,569:data_import:Added  timestamps for Herbie DC1
2020-01-29 15:03:09,659:data_import:Added  timestamps for Jane DC2
2020-01-29 15:03:09,659:data_import:Added  timestamps for Jane DC2
2020-01-29 15:03:09,659:data_import:Added  timestamps for Jane DC2
2020-01-29 15:03:09,659:data_import:Added  timestamps for Jane DC2
2020-01-29 15:03:09,756:data_import:Added  timestamps for Jazzi DC2
2020-01-29 15:03:09,756:data_import:Added  timestamps for Jazzi DC2
2020-01-29 15:03:09,756:data_import:Added  timestamps for Jazzi DC2
2020-01-29 15:03:09,756:data_import:Added  timestamps for Jazzi DC2
2020-01-29 15:03:09,853:data_import:Added  timestamps for Josie DC2
2020-01-29 15:03:09,853:data_import:Added  timestamps for Josie DC2
2020-01-29 15:03:09,853:data_import:Added  timestamps for Josie DC2
2020-01-29 15:03:09,853:data_import:Added  timestamps for Josie DC2
2020-01-29 15:03:09,935:data_import:Added  timestamps for Judson DC2
2020-01-29 15:03:09,935:data_import:Added  timestamps for Judson DC2
2020-01-29 15:03:09,935:data_import:Added  timestamps for Judson DC2
2020-01-29 15:03:09,935:data_import:Added  timestamps for Judson DC2
2020-01-29 15:03:10,063:data_import:Added  timestamps for July DC2
2020-01-29 15:03:10,063:data_import:Added  timestamps for July DC2
2020-01-29 15:03:10,063:data_import:Added  timestamps for July DC2
2020-01-29 15:03:10,063:data_import:Added  timestamps for July DC2
2020-01-29 15:03:10,145:data_import:Added  timestamps for Kirby DC2
2020-01-29 15:03:10,145:data_import:Added  timestamps for Kirby DC2
2020-01-29 15:03:10,145:data_import:Added  timestamps for Kirby DC2
2020-01-29 15:03:10,145:data_import:Added  timestamps for Kirby DC2
2020-01-29 15:03:10,223:data_import:Added  timestamps for Zac DC1
2020-01-29 15:03:10,223:data_import:Added  timestamps for Zac DC1
2020-01-29 15:03:10,223:data_import:Added  timestamps for Zac DC1
2020-01-29 15:03:10,223:data_import:Added  timestamps for Zac DC1
2020-01-29 15:03:10,365:data_import:Added  timestamps for Zeb DC1
2020-01-29 15:03:10,365:data_import:Added  timestamps for Zeb DC1
2020-01-29 15:03:10,365:data_import:Added  timestamps for Zeb DC1
2020-01-29 15:03:10,365:data_import:Added  timestamps for Zeb DC1
2020-01-29 15:03:10,528:data_import:Added  timestamps for Zodiac DC1
2020-01-29 15:03:10,528:data_import:Added  timestamps for Zodiac DC1
2020-01-29 15:03:10,528:data_import:Added  timestamps for Zodiac DC1
2020-01-29 15:03:10,528:data_import:Added  timestamps for Zodiac DC1
